<?xml version="1.0" encoding="UTF-8"?>
<!-- Generated by org.testng.reporters.JUnitReportReporter -->
<testsuite skipped="0" hostname="DESKTOP-23R50OH" name="com.obsqura.assignmentswithpom.CheckBoxAndRadioButtonTest" tests="3" failures="0" timestamp="24 Nov 2022 12:59:37 GMT" time="23.849" errors="0">
  <testcase name="checkAndVerifyRedCheckBoxIsSelected" time="9.443" classname="com.obsqura.assignmentswithpom.CheckBoxAndRadioButtonTest"/>
  <testcase name="checkAndVerifyRedCheckBoxIsEnabled" time="7.331" classname="com.obsqura.assignmentswithpom.CheckBoxAndRadioButtonTest"/>
  <testcase name="checkAndVerifyOperaRadioBoxIsSelected" time="7.075" classname="com.obsqura.assignmentswithpom.CheckBoxAndRadioButtonTest"/>
</testsuite> <!-- com.obsqura.assignmentswithpom.CheckBoxAndRadioButtonTest -->
